mode: set
github.com/szymonrychu/tatara-cli/internal/auth/clientcreds.go:24.116,27.16 3 1
github.com/szymonrychu/tatara-cli/internal/auth/clientcreds.go:27.16,30.3 2 1
github.com/szymonrychu/tatara-cli/internal/auth/clientcreds.go:31.2,32.16 2 1
github.com/szymonrychu/tatara-cli/internal/auth/clientcreds.go:32.16,35.3 2 1
github.com/szymonrychu/tatara-cli/internal/auth/clientcreds.go:36.2,36.15 1 1
github.com/szymonrychu/tatara-cli/internal/auth/clientcreds.go:36.15,36.40 1 1
github.com/szymonrychu/tatara-cli/internal/auth/clientcreds.go:37.2,37.38 1 1
github.com/szymonrychu/tatara-cli/internal/auth/clientcreds.go:37.38,40.3 2 1
github.com/szymonrychu/tatara-cli/internal/auth/clientcreds.go:41.2,44.93 2 1
github.com/szymonrychu/tatara-cli/internal/auth/clientcreds.go:44.93,47.3 2 0
github.com/szymonrychu/tatara-cli/internal/auth/clientcreds.go:48.2,50.16 3 1
github.com/szymonrychu/tatara-cli/internal/auth/clientcreds.go:50.16,53.3 2 0
github.com/szymonrychu/tatara-cli/internal/auth/clientcreds.go:54.2,59.16 4 1
github.com/szymonrychu/tatara-cli/internal/auth/clientcreds.go:59.16,62.3 2 0
github.com/szymonrychu/tatara-cli/internal/auth/clientcreds.go:63.2,63.15 1 1
github.com/szymonrychu/tatara-cli/internal/auth/clientcreds.go:63.15,63.41 1 1
github.com/szymonrychu/tatara-cli/internal/auth/clientcreds.go:64.2,64.39 1 1
github.com/szymonrychu/tatara-cli/internal/auth/clientcreds.go:64.39,67.3 2 0
github.com/szymonrychu/tatara-cli/internal/auth/clientcreds.go:68.2,72.64 2 1
github.com/szymonrychu/tatara-cli/internal/auth/clientcreds.go:72.64,75.3 2 0
github.com/szymonrychu/tatara-cli/internal/auth/clientcreds.go:76.2,76.26 1 1
github.com/szymonrychu/tatara-cli/internal/auth/clientcreds.go:76.26,79.3 2 1
github.com/szymonrychu/tatara-cli/internal/auth/clientcreds.go:80.2,81.87 2 1
github.com/szymonrychu/tatara-cli/internal/auth/clientcreds.go:95.55,98.2 2 1
github.com/szymonrychu/tatara-cli/internal/auth/clientcreds.go:104.76,109.16 2 1
github.com/szymonrychu/tatara-cli/internal/auth/clientcreds.go:109.16,110.113 1 1
github.com/szymonrychu/tatara-cli/internal/auth/clientcreds.go:110.113,112.4 1 0
github.com/szymonrychu/tatara-cli/internal/auth/clientcreds.go:114.2,117.46 4 1
github.com/szymonrychu/tatara-cli/internal/auth/clientcreds.go:117.46,119.3 1 1
github.com/szymonrychu/tatara-cli/internal/auth/clientcreds.go:122.2,123.66 2 1
github.com/szymonrychu/tatara-cli/internal/auth/clientcreds.go:123.66,127.3 3 0
github.com/szymonrychu/tatara-cli/internal/auth/clientcreds.go:128.2,133.16 3 1
github.com/szymonrychu/tatara-cli/internal/auth/clientcreds.go:133.16,135.3 1 0
github.com/szymonrychu/tatara-cli/internal/auth/clientcreds.go:140.2,141.22 2 1
github.com/szymonrychu/tatara-cli/internal/auth/clientcreds.go:141.22,143.3 1 1
github.com/szymonrychu/tatara-cli/internal/auth/clientcreds.go:144.2,145.22 2 1
github.com/szymonrychu/tatara-cli/internal/auth/clientcreds.go:149.24,153.2 3 1
github.com/szymonrychu/tatara-cli/internal/auth/clientcreds.go:158.35,162.2 1 1
github.com/szymonrychu/tatara-cli/internal/auth/device_flow.go:38.70,44.16 5 1
github.com/szymonrychu/tatara-cli/internal/auth/device_flow.go:44.16,46.3 1 0
github.com/szymonrychu/tatara-cli/internal/auth/device_flow.go:47.2,50.16 4 1
github.com/szymonrychu/tatara-cli/internal/auth/device_flow.go:50.16,52.3 1 0
github.com/szymonrychu/tatara-cli/internal/auth/device_flow.go:53.2,53.15 1 1
github.com/szymonrychu/tatara-cli/internal/auth/device_flow.go:53.15,53.40 1 1
github.com/szymonrychu/tatara-cli/internal/auth/device_flow.go:54.2,54.38 1 1
github.com/szymonrychu/tatara-cli/internal/auth/device_flow.go:54.38,60.72 3 1
github.com/szymonrychu/tatara-cli/internal/auth/device_flow.go:60.72,61.32 1 1
github.com/szymonrychu/tatara-cli/internal/auth/device_flow.go:61.32,63.5 1 1
github.com/szymonrychu/tatara-cli/internal/auth/device_flow.go:64.4,64.81 1 0
github.com/szymonrychu/tatara-cli/internal/auth/device_flow.go:66.3,66.67 1 0
github.com/szymonrychu/tatara-cli/internal/auth/device_flow.go:68.2,69.63 2 1
github.com/szymonrychu/tatara-cli/internal/auth/device_flow.go:69.63,71.3 1 0
github.com/szymonrychu/tatara-cli/internal/auth/device_flow.go:72.2,72.17 1 1
github.com/szymonrychu/tatara-cli/internal/auth/device_flow.go:75.82,77.19 2 1
github.com/szymonrychu/tatara-cli/internal/auth/device_flow.go:77.19,79.20 2 0
github.com/szymonrychu/tatara-cli/internal/auth/device_flow.go:79.20,81.4 1 0
github.com/szymonrychu/tatara-cli/internal/auth/device_flow.go:83.2,84.6 2 1
github.com/szymonrychu/tatara-cli/internal/auth/device_flow.go:84.6,85.33 1 1
github.com/szymonrychu/tatara-cli/internal/auth/device_flow.go:85.33,87.4 1 1
github.com/szymonrychu/tatara-cli/internal/auth/device_flow.go:88.3,89.17 2 1
github.com/szymonrychu/tatara-cli/internal/auth/device_flow.go:89.17,91.4 1 1
github.com/szymonrychu/tatara-cli/internal/auth/device_flow.go:92.3,92.10 1 1
github.com/szymonrychu/tatara-cli/internal/auth/device_flow.go:93.39,93.39 0 1
github.com/szymonrychu/tatara-cli/internal/auth/device_flow.go:95.36,96.27 1 1
github.com/szymonrychu/tatara-cli/internal/auth/device_flow.go:96.27,98.34 2 0
github.com/szymonrychu/tatara-cli/internal/auth/device_flow.go:98.34,100.6 1 0
github.com/szymonrychu/tatara-cli/internal/auth/device_flow.go:102.11,103.19 1 1
github.com/szymonrychu/tatara-cli/internal/auth/device_flow.go:105.3,105.10 1 1
github.com/szymonrychu/tatara-cli/internal/auth/device_flow.go:106.21,107.25 1 1
github.com/szymonrychu/tatara-cli/internal/auth/device_flow.go:108.31,108.31 0 1
github.com/szymonrychu/tatara-cli/internal/auth/device_flow.go:113.87,120.16 6 1
github.com/szymonrychu/tatara-cli/internal/auth/device_flow.go:120.16,122.3 1 1
github.com/szymonrychu/tatara-cli/internal/auth/device_flow.go:123.2,125.16 3 1
github.com/szymonrychu/tatara-cli/internal/auth/device_flow.go:125.16,127.3 1 0
github.com/szymonrychu/tatara-cli/internal/auth/device_flow.go:128.2,128.15 1 1
github.com/szymonrychu/tatara-cli/internal/auth/device_flow.go:128.15,128.40 1 1
github.com/szymonrychu/tatara-cli/internal/auth/device_flow.go:129.2,130.38 2 1
github.com/szymonrychu/tatara-cli/internal/auth/device_flow.go:130.38,138.50 2 1
github.com/szymonrychu/tatara-cli/internal/auth/device_flow.go:138.50,140.4 1 0
github.com/szymonrychu/tatara-cli/internal/auth/device_flow.go:141.3,147.9 1 1
github.com/szymonrychu/tatara-cli/internal/auth/device_flow.go:149.2,153.17 3 1
github.com/szymonrychu/tatara-cli/internal/auth/device_flow.go:154.31,155.29 1 1
github.com/szymonrychu/tatara-cli/internal/auth/device_flow.go:156.19,157.26 1 1
github.com/szymonrychu/tatara-cli/internal/auth/device_flow.go:158.23,159.30 1 1
github.com/szymonrychu/tatara-cli/internal/auth/device_flow.go:160.10,161.63 1 0
github.com/szymonrychu/tatara-cli/internal/auth/device_flow.go:165.48,166.19 1 1
github.com/szymonrychu/tatara-cli/internal/auth/device_flow.go:166.19,168.3 1 1
github.com/szymonrychu/tatara-cli/internal/auth/device_flow.go:169.2,169.48 1 0
github.com/szymonrychu/tatara-cli/internal/auth/lock.go:11.50,13.16 2 1
github.com/szymonrychu/tatara-cli/internal/auth/lock.go:13.16,15.3 1 0
github.com/szymonrychu/tatara-cli/internal/auth/lock.go:16.2,16.68 1 1
github.com/szymonrychu/tatara-cli/internal/auth/lock.go:16.68,19.3 2 0
github.com/szymonrychu/tatara-cli/internal/auth/lock.go:20.2,20.29 1 1
github.com/szymonrychu/tatara-cli/internal/auth/lock.go:23.36,24.70 1 1
github.com/szymonrychu/tatara-cli/internal/auth/lock.go:24.70,26.3 1 0
github.com/szymonrychu/tatara-cli/internal/auth/lock.go:27.2,27.20 1 1
github.com/szymonrychu/tatara-cli/internal/auth/refresh.go:20.112,21.19 1 1
github.com/szymonrychu/tatara-cli/internal/auth/refresh.go:21.19,23.3 1 0
github.com/szymonrychu/tatara-cli/internal/auth/refresh.go:24.2,30.16 6 1
github.com/szymonrychu/tatara-cli/internal/auth/refresh.go:30.16,32.3 1 0
github.com/szymonrychu/tatara-cli/internal/auth/refresh.go:33.2,35.16 3 1
github.com/szymonrychu/tatara-cli/internal/auth/refresh.go:35.16,37.3 1 0
github.com/szymonrychu/tatara-cli/internal/auth/refresh.go:38.2,38.15 1 1
github.com/szymonrychu/tatara-cli/internal/auth/refresh.go:38.15,38.40 1 1
github.com/szymonrychu/tatara-cli/internal/auth/refresh.go:39.2,40.38 2 1
github.com/szymonrychu/tatara-cli/internal/auth/refresh.go:40.38,45.40 3 1
github.com/szymonrychu/tatara-cli/internal/auth/refresh.go:45.40,47.4 1 1
github.com/szymonrychu/tatara-cli/internal/auth/refresh.go:48.3,48.79 1 0
github.com/szymonrychu/tatara-cli/internal/auth/refresh.go:50.2,57.49 2 1
github.com/szymonrychu/tatara-cli/internal/auth/refresh.go:57.49,59.3 1 0
github.com/szymonrychu/tatara-cli/internal/auth/refresh.go:60.2,60.26 1 1
github.com/szymonrychu/tatara-cli/internal/auth/refresh.go:60.26,62.3 1 1
github.com/szymonrychu/tatara-cli/internal/auth/refresh.go:63.2,63.27 1 1
github.com/szymonrychu/tatara-cli/internal/auth/refresh.go:63.27,65.3 1 1
github.com/szymonrychu/tatara-cli/internal/auth/refresh.go:66.2,72.8 1 1
github.com/szymonrychu/tatara-cli/internal/auth/token.go:22.41,24.15 2 1
github.com/szymonrychu/tatara-cli/internal/auth/token.go:24.15,26.17 2 0
github.com/szymonrychu/tatara-cli/internal/auth/token.go:26.17,28.4 1 0
github.com/szymonrychu/tatara-cli/internal/auth/token.go:29.3,29.36 1 0
github.com/szymonrychu/tatara-cli/internal/auth/token.go:31.2,31.56 1 1
github.com/szymonrychu/tatara-cli/internal/auth/token.go:34.45,36.36 2 1
github.com/szymonrychu/tatara-cli/internal/auth/token.go:36.36,38.3 1 1
github.com/szymonrychu/tatara-cli/internal/auth/token.go:39.2,39.16 1 1
github.com/szymonrychu/tatara-cli/internal/auth/token.go:39.16,41.3 1 0
github.com/szymonrychu/tatara-cli/internal/auth/token.go:42.2,43.46 2 1
github.com/szymonrychu/tatara-cli/internal/auth/token.go:43.46,45.3 1 0
github.com/szymonrychu/tatara-cli/internal/auth/token.go:46.2,46.16 1 1
github.com/szymonrychu/tatara-cli/internal/auth/token.go:49.45,50.63 1 1
github.com/szymonrychu/tatara-cli/internal/auth/token.go:50.63,52.3 1 0
github.com/szymonrychu/tatara-cli/internal/auth/token.go:53.2,54.16 2 1
github.com/szymonrychu/tatara-cli/internal/auth/token.go:54.16,56.3 1 0
github.com/szymonrychu/tatara-cli/internal/auth/token.go:57.2,58.16 2 1
github.com/szymonrychu/tatara-cli/internal/auth/token.go:58.16,60.3 1 0
github.com/szymonrychu/tatara-cli/internal/auth/token.go:61.2,61.15 1 1
github.com/szymonrychu/tatara-cli/internal/auth/token.go:61.15,61.32 1 1
github.com/szymonrychu/tatara-cli/internal/auth/token.go:62.2,62.38 1 1
github.com/szymonrychu/tatara-cli/internal/auth/token.go:62.38,64.3 1 0
github.com/szymonrychu/tatara-cli/internal/auth/token.go:65.2,65.12 1 1
github.com/szymonrychu/tatara-cli/internal/auth/token.go:68.37,70.36 2 0
github.com/szymonrychu/tatara-cli/internal/auth/token.go:70.36,72.3 1 0
github.com/szymonrychu/tatara-cli/internal/auth/token.go:73.2,73.12 1 0
github.com/szymonrychu/tatara-cli/cmd/tatara/main.go:13.13,14.30 1 0
github.com/szymonrychu/tatara-cli/cmd/tatara/main.go:14.30,17.3 2 0
github.com/szymonrychu/tatara-cli/cmd/tatara/main.go:25.18,29.2 3 0
github.com/szymonrychu/tatara-cli/internal/client/client.go:55.29,56.49 1 1
github.com/szymonrychu/tatara-cli/internal/client/client.go:56.49,58.3 1 1
github.com/szymonrychu/tatara-cli/internal/client/client.go:59.2,59.28 1 1
github.com/szymonrychu/tatara-cli/internal/client/client.go:63.39,64.23 1 1
github.com/szymonrychu/tatara-cli/internal/client/client.go:64.23,66.3 1 1
github.com/szymonrychu/tatara-cli/internal/client/client.go:67.2,68.14 2 1
github.com/szymonrychu/tatara-cli/internal/client/client.go:68.14,70.3 1 1
github.com/szymonrychu/tatara-cli/internal/client/client.go:71.2,81.8 1 1
github.com/szymonrychu/tatara-cli/internal/client/client.go:92.97,96.49 3 1
github.com/szymonrychu/tatara-cli/internal/client/client.go:96.49,99.3 2 1
github.com/szymonrychu/tatara-cli/internal/client/client.go:100.2,101.20 2 1
github.com/szymonrychu/tatara-cli/internal/client/client.go:101.20,103.3 1 1
github.com/szymonrychu/tatara-cli/internal/client/client.go:104.2,107.17 3 1
github.com/szymonrychu/tatara-cli/internal/client/client.go:107.17,108.27 1 1
github.com/szymonrychu/tatara-cli/internal/client/client.go:109.15,110.35 1 1
github.com/szymonrychu/tatara-cli/internal/client/client.go:111.18,112.18 1 1
github.com/szymonrychu/tatara-cli/internal/client/client.go:113.11,115.60 2 1
github.com/szymonrychu/tatara-cli/internal/client/client.go:115.60,117.5 1 0
github.com/szymonrychu/tatara-cli/internal/client/client.go:118.4,118.20 1 1
github.com/szymonrychu/tatara-cli/internal/client/client.go:121.2,122.16 2 1
github.com/szymonrychu/tatara-cli/internal/client/client.go:122.16,124.3 1 0
github.com/szymonrychu/tatara-cli/internal/client/client.go:125.2,126.23 2 1
github.com/szymonrychu/tatara-cli/internal/client/client.go:126.23,128.3 1 1
github.com/szymonrychu/tatara-cli/internal/client/client.go:129.2,129.18 1 1
github.com/szymonrychu/tatara-cli/internal/client/client.go:129.18,131.3 1 1
github.com/szymonrychu/tatara-cli/internal/client/client.go:132.2,132.23 1 1
github.com/szymonrychu/tatara-cli/internal/client/client.go:132.23,134.3 1 1
github.com/szymonrychu/tatara-cli/internal/client/client.go:135.2,137.18 3 1
github.com/szymonrychu/tatara-cli/internal/client/client.go:137.18,146.3 1 1
github.com/szymonrychu/tatara-cli/internal/client/client.go:147.2,147.18 1 1
github.com/szymonrychu/tatara-cli/internal/client/client.go:151.42,152.17 1 1
github.com/szymonrychu/tatara-cli/internal/client/client.go:152.17,154.3 1 0
github.com/szymonrychu/tatara-cli/internal/client/client.go:155.2,155.24 1 1
github.com/szymonrychu/tatara-cli/internal/client/client.go:159.63,160.20 1 1
github.com/szymonrychu/tatara-cli/internal/client/client.go:160.20,162.3 1 1
github.com/szymonrychu/tatara-cli/internal/client/client.go:163.2,163.52 1 1
github.com/szymonrychu/tatara-cli/internal/client/client.go:163.52,165.3 1 1
github.com/szymonrychu/tatara-cli/internal/client/client.go:166.2,166.22 1 1
github.com/szymonrychu/tatara-cli/internal/client/client.go:166.22,168.3 1 0
github.com/szymonrychu/tatara-cli/internal/client/client.go:170.2,170.23 1 1
github.com/szymonrychu/tatara-cli/internal/client/client.go:170.23,172.17 2 1
github.com/szymonrychu/tatara-cli/internal/client/client.go:172.17,174.4 1 0
github.com/szymonrychu/tatara-cli/internal/client/client.go:175.3,175.16 1 1
github.com/szymonrychu/tatara-cli/internal/client/client.go:175.16,175.38 1 1
github.com/szymonrychu/tatara-cli/internal/client/client.go:177.3,177.22 1 1
github.com/szymonrychu/tatara-cli/internal/client/client.go:177.22,179.82 2 1
github.com/szymonrychu/tatara-cli/internal/client/client.go:179.82,182.5 2 1
github.com/szymonrychu/tatara-cli/internal/client/client.go:185.2,186.16 2 1
github.com/szymonrychu/tatara-cli/internal/client/client.go:186.16,188.19 2 1
github.com/szymonrychu/tatara-cli/internal/client/client.go:188.19,190.4 1 1
github.com/szymonrychu/tatara-cli/internal/client/client.go:191.3,191.48 1 1
github.com/szymonrychu/tatara-cli/internal/client/client.go:193.2,194.18 2 1
github.com/szymonrychu/tatara-cli/internal/client/client.go:194.18,196.3 1 1
github.com/szymonrychu/tatara-cli/internal/client/client.go:197.2,198.19 2 1
github.com/szymonrychu/tatara-cli/internal/client/client.go:198.19,200.3 1 1
github.com/szymonrychu/tatara-cli/internal/client/client.go:201.2,201.12 1 1
github.com/szymonrychu/tatara-cli/internal/client/config.go:26.64,27.16 1 1
github.com/szymonrychu/tatara-cli/internal/client/config.go:27.16,29.3 1 1
github.com/szymonrychu/tatara-cli/internal/client/config.go:30.2,30.15 1 1
github.com/szymonrychu/tatara-cli/internal/client/config.go:30.15,32.3 1 1
github.com/szymonrychu/tatara-cli/internal/client/config.go:33.2,33.39 1 1
github.com/szymonrychu/tatara-cli/internal/client/config.go:33.39,35.3 1 1
github.com/szymonrychu/tatara-cli/internal/client/config.go:36.2,36.23 1 1
github.com/szymonrychu/tatara-cli/internal/client/config.go:41.55,43.19 2 1
github.com/szymonrychu/tatara-cli/internal/client/config.go:43.19,45.3 1 1
github.com/szymonrychu/tatara-cli/internal/client/config.go:46.2,46.29 1 1
github.com/szymonrychu/tatara-cli/internal/client/config.go:50.72,51.16 1 1
github.com/szymonrychu/tatara-cli/internal/client/config.go:51.16,53.3 1 1
github.com/szymonrychu/tatara-cli/internal/client/config.go:54.2,54.15 1 1
github.com/szymonrychu/tatara-cli/internal/client/config.go:54.15,56.3 1 1
github.com/szymonrychu/tatara-cli/internal/client/config.go:57.2,57.47 1 1
github.com/szymonrychu/tatara-cli/internal/client/config.go:57.47,59.3 1 1
github.com/szymonrychu/tatara-cli/internal/client/config.go:60.2,60.31 1 1
github.com/szymonrychu/tatara-cli/internal/client/config.go:64.68,65.16 1 1
github.com/szymonrychu/tatara-cli/internal/client/config.go:65.16,67.3 1 1
github.com/szymonrychu/tatara-cli/internal/client/config.go:68.2,68.15 1 1
github.com/szymonrychu/tatara-cli/internal/client/config.go:68.15,70.3 1 1
github.com/szymonrychu/tatara-cli/internal/client/config.go:71.2,71.43 1 1
github.com/szymonrychu/tatara-cli/internal/client/config.go:71.43,73.3 1 1
github.com/szymonrychu/tatara-cli/internal/client/config.go:74.2,74.27 1 1
github.com/szymonrychu/tatara-cli/internal/client/config.go:77.42,79.15 2 1
github.com/szymonrychu/tatara-cli/internal/client/config.go:79.15,81.17 2 1
github.com/szymonrychu/tatara-cli/internal/client/config.go:81.17,83.4 1 0
github.com/szymonrychu/tatara-cli/internal/client/config.go:84.3,84.36 1 1
github.com/szymonrychu/tatara-cli/internal/client/config.go:86.2,86.57 1 1
github.com/szymonrychu/tatara-cli/internal/client/config.go:89.51,91.24 2 1
github.com/szymonrychu/tatara-cli/internal/client/config.go:91.24,93.3 1 1
github.com/szymonrychu/tatara-cli/internal/client/config.go:94.2,94.16 1 1
github.com/szymonrychu/tatara-cli/internal/client/config.go:94.16,96.3 1 0
github.com/szymonrychu/tatara-cli/internal/client/config.go:97.2,98.46 2 1
github.com/szymonrychu/tatara-cli/internal/client/config.go:98.46,100.3 1 0
github.com/szymonrychu/tatara-cli/internal/client/config.go:101.2,101.16 1 1
github.com/szymonrychu/tatara-cli/internal/cmd/login.go:15.35,19.52 1 1
github.com/szymonrychu/tatara-cli/internal/cmd/login.go:19.52,25.18 5 1
github.com/szymonrychu/tatara-cli/internal/cmd/login.go:25.18,27.5 1 0
github.com/szymonrychu/tatara-cli/internal/cmd/login.go:28.4,29.20 2 1
github.com/szymonrychu/tatara-cli/internal/cmd/login.go:29.20,31.5 1 0
github.com/szymonrychu/tatara-cli/internal/cmd/login.go:32.4,39.18 4 1
github.com/szymonrychu/tatara-cli/internal/cmd/login.go:39.18,41.5 1 0
github.com/szymonrychu/tatara-cli/internal/cmd/login.go:42.4,44.18 3 1
github.com/szymonrychu/tatara-cli/internal/cmd/login.go:44.18,45.45 1 1
github.com/szymonrychu/tatara-cli/internal/cmd/login.go:45.45,47.6 1 1
github.com/szymonrychu/tatara-cli/internal/cmd/login.go:48.5,48.15 1 0
github.com/szymonrychu/tatara-cli/internal/cmd/login.go:50.4,50.54 1 0
github.com/szymonrychu/tatara-cli/internal/cmd/login.go:50.54,52.5 1 0
github.com/szymonrychu/tatara-cli/internal/cmd/login.go:53.4,55.14 3 0
github.com/szymonrychu/tatara-cli/internal/cmd/logout.go:12.36,16.52 1 1
github.com/szymonrychu/tatara-cli/internal/cmd/logout.go:16.52,21.18 4 1
github.com/szymonrychu/tatara-cli/internal/cmd/logout.go:21.18,23.5 1 0
github.com/szymonrychu/tatara-cli/internal/cmd/logout.go:24.4,24.49 1 1
github.com/szymonrychu/tatara-cli/internal/cmd/logout.go:24.49,26.5 1 0
github.com/szymonrychu/tatara-cli/internal/cmd/logout.go:27.4,29.14 3 1
github.com/szymonrychu/tatara-cli/internal/cmd/mcp.go:32.143,34.16 2 1
github.com/szymonrychu/tatara-cli/internal/cmd/mcp.go:34.16,37.3 2 0
github.com/szymonrychu/tatara-cli/internal/cmd/mcp.go:38.2,38.59 1 1
github.com/szymonrychu/tatara-cli/internal/cmd/mcp.go:38.59,40.3 1 0
github.com/szymonrychu/tatara-cli/internal/cmd/mcp.go:41.2,42.18 2 1
github.com/szymonrychu/tatara-cli/internal/cmd/mcp.go:42.18,45.3 2 1
github.com/szymonrychu/tatara-cli/internal/cmd/mcp.go:46.2,46.77 1 1
github.com/szymonrychu/tatara-cli/internal/cmd/mcp.go:46.77,48.17 2 1
github.com/szymonrychu/tatara-cli/internal/cmd/mcp.go:48.17,50.4 1 0
github.com/szymonrychu/tatara-cli/internal/cmd/mcp.go:51.3,51.77 1 1
github.com/szymonrychu/tatara-cli/internal/cmd/mcp.go:53.2,53.93 1 1
github.com/szymonrychu/tatara-cli/internal/cmd/mcp.go:56.33,60.52 1 1
github.com/szymonrychu/tatara-cli/internal/cmd/mcp.go:60.52,64.18 4 1
github.com/szymonrychu/tatara-cli/internal/cmd/mcp.go:64.18,66.5 1 0
github.com/szymonrychu/tatara-cli/internal/cmd/mcp.go:67.4,67.17 1 1
github.com/szymonrychu/tatara-cli/internal/cmd/mcp.go:67.17,67.39 1 1
github.com/szymonrychu/tatara-cli/internal/cmd/mcp.go:69.4,71.18 3 1
github.com/szymonrychu/tatara-cli/internal/cmd/mcp.go:71.18,73.5 1 0
github.com/szymonrychu/tatara-cli/internal/cmd/mcp.go:74.4,75.18 2 1
github.com/szymonrychu/tatara-cli/internal/cmd/mcp.go:75.18,77.5 1 0
github.com/szymonrychu/tatara-cli/internal/cmd/mcp.go:78.4,86.49 5 1
github.com/szymonrychu/tatara-cli/internal/cmd/mcp.go:86.49,87.17 1 1
github.com/szymonrychu/tatara-cli/internal/cmd/mcp.go:87.17,89.6 1 1
github.com/szymonrychu/tatara-cli/internal/cmd/mcp.go:90.5,91.15 2 0
github.com/szymonrychu/tatara-cli/internal/cmd/mcp.go:94.4,94.42 1 1
github.com/szymonrychu/tatara-cli/internal/cmd/mcp.go:94.42,95.24 1 1
github.com/szymonrychu/tatara-cli/internal/cmd/mcp.go:95.24,96.47 1 0
github.com/szymonrychu/tatara-cli/internal/cmd/mcp.go:96.47,96.83 1 0
github.com/szymonrychu/tatara-cli/internal/cmd/mcp.go:97.6,97.82 1 0
github.com/szymonrychu/tatara-cli/internal/cmd/mcp.go:97.82,99.7 1 0
github.com/szymonrychu/tatara-cli/internal/cmd/mcp.go:100.6,100.43 1 0
github.com/szymonrychu/tatara-cli/internal/cmd/mcp.go:100.43,100.82 1 0
github.com/szymonrychu/tatara-cli/internal/cmd/mcp.go:101.11,101.32 1 1
github.com/szymonrychu/tatara-cli/internal/cmd/mcp.go:101.32,103.6 1 0
github.com/szymonrychu/tatara-cli/internal/cmd/mcp.go:106.4,113.18 4 1
github.com/szymonrychu/tatara-cli/internal/cmd/mcp.go:113.18,115.5 1 0
github.com/szymonrychu/tatara-cli/internal/cmd/mcp.go:117.4,126.18 6 1
github.com/szymonrychu/tatara-cli/internal/cmd/mcp.go:126.18,128.5 1 0
github.com/szymonrychu/tatara-cli/internal/cmd/mcp.go:130.4,139.18 6 1
github.com/szymonrychu/tatara-cli/internal/cmd/mcp.go:139.18,141.5 1 0
github.com/szymonrychu/tatara-cli/internal/cmd/mcp.go:143.4,144.25 2 1
github.com/szymonrychu/tatara-cli/internal/cmd/mcp.go:144.25,146.5 1 1
github.com/szymonrychu/tatara-cli/internal/cmd/mcp.go:147.4,150.25 3 1
github.com/szymonrychu/tatara-cli/internal/cmd/mcp.go:150.25,161.15 4 0
github.com/szymonrychu/tatara-cli/internal/cmd/mcp.go:161.15,162.90 1 0
github.com/szymonrychu/tatara-cli/internal/cmd/mcp.go:162.90,164.7 1 0
github.com/szymonrychu/tatara-cli/internal/cmd/mcp.go:166.5,166.18 1 0
github.com/szymonrychu/tatara-cli/internal/cmd/mcp.go:166.18,166.67 1 0
github.com/szymonrychu/tatara-cli/internal/cmd/mcp.go:167.5,167.63 1 0
github.com/szymonrychu/tatara-cli/internal/cmd/mcp.go:170.4,170.23 1 1
github.com/szymonrychu/tatara-cli/internal/cmd/mcp.go:173.2,177.10 5 1
github.com/szymonrychu/tatara-cli/internal/cmd/mcp.go:180.67,182.15 2 1
github.com/szymonrychu/tatara-cli/internal/cmd/mcp.go:182.15,184.17 2 0
github.com/szymonrychu/tatara-cli/internal/cmd/mcp.go:184.17,186.4 1 0
github.com/szymonrychu/tatara-cli/internal/cmd/mcp.go:187.3,187.44 1 0
github.com/szymonrychu/tatara-cli/internal/cmd/mcp.go:189.2,189.73 1 1
github.com/szymonrychu/tatara-cli/internal/cmd/mcp.go:189.73,191.3 1 0
github.com/szymonrychu/tatara-cli/internal/cmd/mcp.go:192.2,194.16 2 1
github.com/szymonrychu/tatara-cli/internal/cmd/mcp.go:194.16,196.3 1 0
github.com/szymonrychu/tatara-cli/internal/cmd/mcp.go:197.2,197.85 1 1
github.com/szymonrychu/tatara-cli/internal/cmd/mcp_config.go:12.39,18.55 2 1
github.com/szymonrychu/tatara-cli/internal/cmd/mcp_config.go:18.55,21.18 3 1
github.com/szymonrychu/tatara-cli/internal/cmd/mcp_config.go:21.18,23.5 1 0
github.com/szymonrychu/tatara-cli/internal/cmd/mcp_config.go:24.4,25.18 2 1
github.com/szymonrychu/tatara-cli/internal/cmd/mcp_config.go:25.18,27.5 1 0
github.com/szymonrychu/tatara-cli/internal/cmd/mcp_config.go:31.4,31.45 1 1
github.com/szymonrychu/tatara-cli/internal/cmd/mcp_config.go:31.45,33.5 1 1
github.com/szymonrychu/tatara-cli/internal/cmd/mcp_config.go:33.10,33.26 1 1
github.com/szymonrychu/tatara-cli/internal/cmd/mcp_config.go:33.26,35.5 1 0
github.com/szymonrychu/tatara-cli/internal/cmd/mcp_config.go:37.4,39.47 3 1
github.com/szymonrychu/tatara-cli/internal/cmd/mcp_config.go:39.47,40.51 1 1
github.com/szymonrychu/tatara-cli/internal/cmd/mcp_config.go:40.51,42.6 1 0
github.com/szymonrychu/tatara-cli/internal/cmd/mcp_config.go:44.4,45.22 2 1
github.com/szymonrychu/tatara-cli/internal/cmd/mcp_config.go:45.22,47.5 1 1
github.com/szymonrychu/tatara-cli/internal/cmd/mcp_config.go:48.4,48.62 1 1
github.com/szymonrychu/tatara-cli/internal/cmd/mcp_config.go:48.62,49.45 1 1
github.com/szymonrychu/tatara-cli/internal/cmd/mcp_config.go:49.45,51.6 1 1
github.com/szymonrychu/tatara-cli/internal/cmd/mcp_config.go:54.5,56.33 3 1
github.com/szymonrychu/tatara-cli/internal/cmd/mcp_config.go:57.10,62.5 1 1
github.com/szymonrychu/tatara-cli/internal/cmd/mcp_config.go:63.4,66.18 3 1
github.com/szymonrychu/tatara-cli/internal/cmd/mcp_config.go:66.18,68.5 1 0
github.com/szymonrychu/tatara-cli/internal/cmd/mcp_config.go:69.4,69.71 1 1
github.com/szymonrychu/tatara-cli/internal/cmd/mcp_config.go:69.71,71.5 1 0
github.com/szymonrychu/tatara-cli/internal/cmd/mcp_config.go:72.4,73.14 2 1
github.com/szymonrychu/tatara-cli/internal/cmd/mcp_config.go:76.2,77.12 2 1
github.com/szymonrychu/tatara-cli/internal/cmd/raw.go:18.33,25.55 3 1
github.com/szymonrychu/tatara-cli/internal/cmd/raw.go:25.55,32.18 6 1
github.com/szymonrychu/tatara-cli/internal/cmd/raw.go:32.18,34.5 1 0
github.com/szymonrychu/tatara-cli/internal/cmd/raw.go:35.4,36.18 2 1
github.com/szymonrychu/tatara-cli/internal/cmd/raw.go:36.18,38.5 1 0
github.com/szymonrychu/tatara-cli/internal/cmd/raw.go:40.4,44.22 4 1
github.com/szymonrychu/tatara-cli/internal/cmd/raw.go:45.18,48.53 3 1
github.com/szymonrychu/tatara-cli/internal/cmd/raw.go:49.20,50.96 1 1
github.com/szymonrychu/tatara-cli/internal/cmd/raw.go:51.16,52.90 1 1
github.com/szymonrychu/tatara-cli/internal/cmd/raw.go:53.12,54.96 1 1
github.com/szymonrychu/tatara-cli/internal/cmd/raw.go:57.4,58.18 2 1
github.com/szymonrychu/tatara-cli/internal/cmd/raw.go:58.18,60.5 1 0
github.com/szymonrychu/tatara-cli/internal/cmd/raw.go:61.4,62.18 2 1
github.com/szymonrychu/tatara-cli/internal/cmd/raw.go:62.18,64.21 2 1
github.com/szymonrychu/tatara-cli/internal/cmd/raw.go:64.21,66.6 1 1
github.com/szymonrychu/tatara-cli/internal/cmd/raw.go:67.5,68.19 2 1
github.com/szymonrychu/tatara-cli/internal/cmd/raw.go:71.4,72.11 2 1
github.com/szymonrychu/tatara-cli/internal/cmd/raw.go:73.24,74.15 1 1
github.com/szymonrychu/tatara-cli/internal/cmd/raw.go:75.25,77.35 2 1
github.com/szymonrychu/tatara-cli/internal/cmd/raw.go:77.35,78.77 1 0
github.com/szymonrychu/tatara-cli/internal/cmd/raw.go:78.77,80.7 1 0
github.com/szymonrychu/tatara-cli/internal/cmd/raw.go:82.5,82.14 1 1
github.com/szymonrychu/tatara-cli/internal/cmd/raw.go:83.42,85.19 2 1
github.com/szymonrychu/tatara-cli/internal/cmd/raw.go:85.19,87.6 1 0
github.com/szymonrychu/tatara-cli/internal/cmd/raw.go:88.5,88.18 1 1
github.com/szymonrychu/tatara-cli/internal/cmd/raw.go:88.18,88.35 1 1
github.com/szymonrychu/tatara-cli/internal/cmd/raw.go:89.5,89.13 1 1
github.com/szymonrychu/tatara-cli/internal/cmd/raw.go:90.12,91.39 1 1
github.com/szymonrychu/tatara-cli/internal/cmd/raw.go:94.4,103.23 4 1
github.com/szymonrychu/tatara-cli/internal/cmd/raw.go:103.23,104.46 1 1
github.com/szymonrychu/tatara-cli/internal/cmd/raw.go:104.46,104.82 1 0
github.com/szymonrychu/tatara-cli/internal/cmd/raw.go:105.5,105.81 1 1
github.com/szymonrychu/tatara-cli/internal/cmd/raw.go:105.81,107.6 1 0
github.com/szymonrychu/tatara-cli/internal/cmd/raw.go:108.5,108.42 1 1
github.com/szymonrychu/tatara-cli/internal/cmd/raw.go:108.42,108.81 1 0
github.com/szymonrychu/tatara-cli/internal/cmd/raw.go:109.10,113.81 1 1
github.com/szymonrychu/tatara-cli/internal/cmd/raw.go:113.81,115.20 2 0
github.com/szymonrychu/tatara-cli/internal/cmd/raw.go:115.20,117.7 1 0
github.com/szymonrychu/tatara-cli/internal/cmd/raw.go:118.6,118.80 1 0
github.com/szymonrychu/tatara-cli/internal/cmd/raw.go:121.4,122.18 2 1
github.com/szymonrychu/tatara-cli/internal/cmd/raw.go:122.18,124.5 1 0
github.com/szymonrychu/tatara-cli/internal/cmd/raw.go:126.4,127.18 2 1
github.com/szymonrychu/tatara-cli/internal/cmd/raw.go:127.18,129.5 1 0
github.com/szymonrychu/tatara-cli/internal/cmd/raw.go:130.4,130.17 1 1
github.com/szymonrychu/tatara-cli/internal/cmd/raw.go:130.17,130.42 1 1
github.com/szymonrychu/tatara-cli/internal/cmd/raw.go:131.4,132.67 2 1
github.com/szymonrychu/tatara-cli/internal/cmd/raw.go:132.67,134.5 1 0
github.com/szymonrychu/tatara-cli/internal/cmd/raw.go:135.4,135.48 1 1
github.com/szymonrychu/tatara-cli/internal/cmd/raw.go:135.48,137.5 1 1
github.com/szymonrychu/tatara-cli/internal/cmd/raw.go:138.4,138.14 1 1
github.com/szymonrychu/tatara-cli/internal/cmd/raw.go:141.2,145.12 5 1
github.com/szymonrychu/tatara-cli/internal/cmd/root.go:18.34,39.2 6 1
github.com/szymonrychu/tatara-cli/internal/cmd/root.go:43.41,44.9 1 1
github.com/szymonrychu/tatara-cli/internal/cmd/root.go:45.18,46.24 1 1
github.com/szymonrychu/tatara-cli/internal/cmd/root.go:47.18,48.24 1 1
github.com/szymonrychu/tatara-cli/internal/cmd/root.go:49.10,50.25 1 1
github.com/szymonrychu/tatara-cli/internal/cmd/status.go:15.36,20.52 1 1
github.com/szymonrychu/tatara-cli/internal/cmd/status.go:20.52,24.18 3 1
github.com/szymonrychu/tatara-cli/internal/cmd/status.go:24.18,26.5 1 0
github.com/szymonrychu/tatara-cli/internal/cmd/status.go:28.4,29.11 2 1
github.com/szymonrychu/tatara-cli/internal/cmd/status.go:30.20,31.93 1 1
github.com/szymonrychu/tatara-cli/internal/cmd/status.go:32.41,33.32 1 1
github.com/szymonrychu/tatara-cli/internal/cmd/status.go:33.32,35.6 1 1
github.com/szymonrychu/tatara-cli/internal/cmd/status.go:35.11,37.6 1 1
github.com/szymonrychu/tatara-cli/internal/cmd/status.go:38.12,39.15 1 0
github.com/szymonrychu/tatara-cli/internal/cmd/status.go:42.4,43.18 2 1
github.com/szymonrychu/tatara-cli/internal/cmd/status.go:43.18,45.5 1 0
github.com/szymonrychu/tatara-cli/internal/cmd/status.go:46.4,47.18 2 1
github.com/szymonrychu/tatara-cli/internal/cmd/status.go:47.18,49.5 1 0
github.com/szymonrychu/tatara-cli/internal/cmd/status.go:51.4,62.21 9 1
github.com/szymonrychu/tatara-cli/internal/cmd/status.go:62.21,64.5 1 1
github.com/szymonrychu/tatara-cli/internal/cmd/status.go:65.4,70.14 6 1
github.com/szymonrychu/tatara-cli/internal/cmd/status.go:73.2,75.10 3 1
github.com/szymonrychu/tatara-cli/internal/cmd/status.go:82.39,84.14 2 1
github.com/szymonrychu/tatara-cli/internal/cmd/status.go:84.14,86.3 1 1
github.com/szymonrychu/tatara-cli/internal/cmd/status.go:87.2,87.65 1 1
github.com/szymonrychu/tatara-cli/internal/cmd/status.go:91.35,93.2 1 1
github.com/szymonrychu/tatara-cli/internal/obs/obs.go:57.13,66.2 1 1
github.com/szymonrychu/tatara-cli/internal/mcp/profiles.go:8.45,9.14 1 1
github.com/szymonrychu/tatara-cli/internal/mcp/profiles.go:10.19,11.21 1 1
github.com/szymonrychu/tatara-cli/internal/mcp/profiles.go:12.16,13.18 1 1
github.com/szymonrychu/tatara-cli/internal/mcp/profiles.go:14.21,15.18 1 1
github.com/szymonrychu/tatara-cli/internal/mcp/profiles.go:16.35,17.22 1 1
github.com/szymonrychu/tatara-cli/internal/mcp/profiles.go:18.24,19.21 1 1
github.com/szymonrychu/tatara-cli/internal/mcp/profiles.go:20.18,21.20 1 1
github.com/szymonrychu/tatara-cli/internal/mcp/profiles.go:22.21,23.23 1 1
github.com/szymonrychu/tatara-cli/internal/mcp/profiles.go:24.16,25.18 1 1
github.com/szymonrychu/tatara-cli/internal/mcp/profiles.go:26.10,27.12 1 1
github.com/szymonrychu/tatara-cli/internal/mcp/profiles.go:168.71,169.19 1 1
github.com/szymonrychu/tatara-cli/internal/mcp/profiles.go:169.19,172.3 2 1
github.com/szymonrychu/tatara-cli/internal/mcp/profiles.go:173.2,174.9 2 1
github.com/szymonrychu/tatara-cli/internal/mcp/profiles.go:174.9,177.3 2 1
github.com/szymonrychu/tatara-cli/internal/mcp/profiles.go:179.2,181.32 2 1
github.com/szymonrychu/tatara-cli/internal/mcp/profiles.go:181.32,183.3 1 1
github.com/szymonrychu/tatara-cli/internal/mcp/profiles.go:184.2,184.35 1 1
github.com/szymonrychu/tatara-cli/internal/mcp/profiles.go:184.35,186.3 1 1
github.com/szymonrychu/tatara-cli/internal/mcp/profiles.go:188.2,188.15 1 1
github.com/szymonrychu/tatara-cli/internal/mcp/profiles.go:188.15,189.31 1 1
github.com/szymonrychu/tatara-cli/internal/mcp/profiles.go:189.31,191.4 1 1
github.com/szymonrychu/tatara-cli/internal/mcp/profiles.go:194.2,194.34 1 1
github.com/szymonrychu/tatara-cli/internal/mcp/profiles.go:194.34,196.3 1 1
github.com/szymonrychu/tatara-cli/internal/mcp/profiles.go:198.2,198.29 1 1
github.com/szymonrychu/tatara-cli/internal/mcp/profiles.go:198.29,200.3 1 1
github.com/szymonrychu/tatara-cli/internal/mcp/profiles.go:201.2,201.14 1 1
github.com/szymonrychu/tatara-cli/internal/mcp/server.go:32.97,43.29 4 1
github.com/szymonrychu/tatara-cli/internal/mcp/server.go:43.29,44.36 1 1
github.com/szymonrychu/tatara-cli/internal/mcp/server.go:44.36,47.4 2 1
github.com/szymonrychu/tatara-cli/internal/mcp/server.go:49.2,50.24 2 1
github.com/szymonrychu/tatara-cli/internal/mcp/server.go:50.24,52.3 1 1
github.com/szymonrychu/tatara-cli/internal/mcp/server.go:53.2,55.10 3 1
github.com/szymonrychu/tatara-cli/internal/mcp/server.go:59.34,59.56 1 1
github.com/szymonrychu/tatara-cli/internal/mcp/server.go:61.51,62.18 1 1
github.com/szymonrychu/tatara-cli/internal/mcp/server.go:63.22,64.20 1 1
github.com/szymonrychu/tatara-cli/internal/mcp/server.go:65.18,66.16 1 1
github.com/szymonrychu/tatara-cli/internal/mcp/server.go:67.10,68.18 1 1
github.com/szymonrychu/tatara-cli/internal/mcp/server.go:76.36,78.2 1 1
github.com/szymonrychu/tatara-cli/internal/mcp/server.go:82.45,83.75 1 1
github.com/szymonrychu/tatara-cli/internal/mcp/server.go:83.75,84.29 1 1
github.com/szymonrychu/tatara-cli/internal/mcp/server.go:84.29,85.42 1 1
github.com/szymonrychu/tatara-cli/internal/mcp/server.go:85.42,87.5 1 1
github.com/szymonrychu/tatara-cli/internal/mcp/server.go:90.2,90.33 1 1
github.com/szymonrychu/tatara-cli/internal/mcp/server.go:93.35,95.108 2 1
github.com/szymonrychu/tatara-cli/internal/mcp/server.go:95.108,101.23 4 1
github.com/szymonrychu/tatara-cli/internal/mcp/server.go:101.23,105.18 4 0
github.com/szymonrychu/tatara-cli/internal/mcp/server.go:105.18,109.5 3 0
github.com/szymonrychu/tatara-cli/internal/mcp/server.go:110.4,112.48 3 0
github.com/szymonrychu/tatara-cli/internal/mcp/server.go:115.3,118.17 4 1
github.com/szymonrychu/tatara-cli/internal/mcp/server.go:118.17,122.4 3 1
github.com/szymonrychu/tatara-cli/internal/mcp/server.go:123.3,125.21 3 1
github.com/szymonrychu/tatara-cli/internal/mcp/server.go:125.21,127.4 1 1
github.com/szymonrychu/tatara-cli/internal/mcp/server.go:128.3,129.40 2 1
github.com/szymonrychu/tatara-cli/internal/mcp/server.go:129.40,132.4 2 1
github.com/szymonrychu/tatara-cli/internal/mcp/server.go:133.3,133.53 1 0
github.com/szymonrychu/tatara-cli/internal/mcp/server.go:138.49,141.2 2 1
github.com/szymonrychu/tatara-cli/internal/mcp/tools.go:45.24,51.63 1 1
github.com/szymonrychu/tatara-cli/internal/mcp/tools.go:51.63,53.5 1 1
github.com/szymonrychu/tatara-cli/internal/mcp/tools.go:59.63,61.17 2 1
github.com/szymonrychu/tatara-cli/internal/mcp/tools.go:61.17,63.6 1 1
github.com/szymonrychu/tatara-cli/internal/mcp/tools.go:64.5,64.71 1 1
github.com/szymonrychu/tatara-cli/internal/mcp/tools.go:71.63,73.17 2 1
github.com/szymonrychu/tatara-cli/internal/mcp/tools.go:73.17,75.6 1 0
github.com/szymonrychu/tatara-cli/internal/mcp/tools.go:76.5,76.74 1 1
github.com/szymonrychu/tatara-cli/internal/mcp/tools.go:83.63,85.5 1 0
github.com/szymonrychu/tatara-cli/internal/mcp/tools.go:91.63,93.17 2 0
github.com/szymonrychu/tatara-cli/internal/mcp/tools.go:93.17,95.6 1 0
github.com/szymonrychu/tatara-cli/internal/mcp/tools.go:96.5,96.74 1 0
github.com/szymonrychu/tatara-cli/internal/mcp/tools.go:103.63,105.5 1 0
github.com/szymonrychu/tatara-cli/internal/mcp/tools.go:111.63,113.5 1 0
github.com/szymonrychu/tatara-cli/internal/mcp/tools.go:119.63,121.17 2 0
github.com/szymonrychu/tatara-cli/internal/mcp/tools.go:121.17,123.6 1 0
github.com/szymonrychu/tatara-cli/internal/mcp/tools.go:124.5,124.71 1 0
github.com/szymonrychu/tatara-cli/internal/mcp/tools.go:131.63,134.16 3 1
github.com/szymonrychu/tatara-cli/internal/mcp/tools.go:134.16,136.6 1 1
github.com/szymonrychu/tatara-cli/internal/mcp/tools.go:137.5,137.42 1 1
github.com/szymonrychu/tatara-cli/internal/mcp/tools.go:144.63,146.17 2 1
github.com/szymonrychu/tatara-cli/internal/mcp/tools.go:146.17,148.6 1 0
github.com/szymonrychu/tatara-cli/internal/mcp/tools.go:149.5,150.28 2 1
github.com/szymonrychu/tatara-cli/internal/mcp/tools.go:150.28,152.6 1 1
github.com/szymonrychu/tatara-cli/internal/mcp/tools.go:153.5,153.75 1 0
github.com/szymonrychu/tatara-cli/internal/mcp/tools.go:160.63,162.5 1 0
github.com/szymonrychu/tatara-cli/internal/mcp/tools.go:168.63,170.5 1 0
github.com/szymonrychu/tatara-cli/internal/mcp/tools.go:176.63,178.17 2 1
github.com/szymonrychu/tatara-cli/internal/mcp/tools.go:178.17,180.6 1 0
github.com/szymonrychu/tatara-cli/internal/mcp/tools.go:181.5,181.71 1 1
github.com/szymonrychu/tatara-cli/internal/mcp/tools.go:234.63,236.19 2 1
github.com/szymonrychu/tatara-cli/internal/mcp/tools.go:236.19,238.6 1 1
github.com/szymonrychu/tatara-cli/internal/mcp/tools.go:239.5,241.43 3 1
github.com/szymonrychu/tatara-cli/internal/mcp/tools.go:241.43,245.6 2 1
github.com/szymonrychu/tatara-cli/internal/mcp/tools.go:247.5,247.55 1 1
github.com/szymonrychu/tatara-cli/internal/mcp/tools.go:247.55,249.6 1 1
github.com/szymonrychu/tatara-cli/internal/mcp/tools.go:250.5,250.76 1 1
github.com/szymonrychu/tatara-cli/internal/mcp/tools.go:254.63,256.19 2 1
github.com/szymonrychu/tatara-cli/internal/mcp/tools.go:256.19,258.6 1 1
github.com/szymonrychu/tatara-cli/internal/mcp/tools.go:259.5,261.64 3 1
github.com/szymonrychu/tatara-cli/internal/mcp/tools.go:261.64,265.6 2 1
github.com/szymonrychu/tatara-cli/internal/mcp/tools.go:267.5,267.77 1 1
github.com/szymonrychu/tatara-cli/internal/mcp/tools.go:276.115,277.61 1 1
github.com/szymonrychu/tatara-cli/internal/mcp/tools.go:277.61,279.30 2 1
github.com/szymonrychu/tatara-cli/internal/mcp/tools.go:279.30,281.15 2 1
github.com/szymonrychu/tatara-cli/internal/mcp/tools.go:281.15,283.5 1 1
github.com/szymonrychu/tatara-cli/internal/mcp/tools.go:284.4,284.15 1 1
github.com/szymonrychu/tatara-cli/internal/mcp/tools.go:286.3,286.30 1 1
github.com/szymonrychu/tatara-cli/internal/mcp/tools.go:286.30,287.37 1 1
github.com/szymonrychu/tatara-cli/internal/mcp/tools.go:287.37,289.5 1 1
github.com/szymonrychu/tatara-cli/internal/mcp/tools.go:291.3,291.59 1 1
github.com/szymonrychu/tatara-cli/internal/mcp/tools.go:301.39,303.23 2 1
github.com/szymonrychu/tatara-cli/internal/mcp/tools.go:303.23,305.3 1 1
github.com/szymonrychu/tatara-cli/internal/mcp/tools.go:306.2,306.33 1 1
github.com/szymonrychu/tatara-cli/internal/mcp/tools.go:309.51,310.26 1 1
github.com/szymonrychu/tatara-cli/internal/mcp/tools.go:311.14,312.11 1 1
github.com/szymonrychu/tatara-cli/internal/mcp/tools.go:313.15,314.29 1 1
github.com/szymonrychu/tatara-cli/internal/mcp/tools.go:314.29,316.4 1 1
github.com/szymonrychu/tatara-cli/internal/mcp/tools.go:317.3,317.45 1 1
github.com/szymonrychu/tatara-cli/internal/mcp/tools.go:318.10,319.12 1 1
github.com/szymonrychu/tatara-cli/internal/mcp/tools.go:326.60,327.37 1 1
github.com/szymonrychu/tatara-cli/internal/mcp/tools.go:327.37,329.3 1 1
github.com/szymonrychu/tatara-cli/internal/mcp/tools.go:330.2,330.26 1 1
github.com/szymonrychu/tatara-cli/internal/mcp/tools.go:334.29,335.102 1 1
github.com/szymonrychu/tatara-cli/internal/mcp/tools.go:335.102,337.3 1 1
github.com/szymonrychu/tatara-cli/internal/mcp/tools.go:338.2,341.56 1 1
github.com/szymonrychu/tatara-cli/internal/mcp/tools.go:341.56,343.5 1 1
github.com/szymonrychu/tatara-cli/internal/mcp/tools.go:346.56,348.16 2 1
github.com/szymonrychu/tatara-cli/internal/mcp/tools.go:348.16,350.6 1 1
github.com/szymonrychu/tatara-cli/internal/mcp/tools.go:351.5,351.70 1 1
github.com/szymonrychu/tatara-cli/internal/mcp/tools.go:355.56,357.16 2 1
github.com/szymonrychu/tatara-cli/internal/mcp/tools.go:357.16,359.6 1 0
github.com/szymonrychu/tatara-cli/internal/mcp/tools.go:360.5,360.88 1 1
github.com/szymonrychu/tatara-cli/internal/mcp/tools.go:364.56,366.16 2 1
github.com/szymonrychu/tatara-cli/internal/mcp/tools.go:366.16,368.6 1 0
github.com/szymonrychu/tatara-cli/internal/mcp/tools.go:369.5,369.81 1 1
github.com/szymonrychu/tatara-cli/internal/mcp/tools.go:373.56,375.17 2 1
github.com/szymonrychu/tatara-cli/internal/mcp/tools.go:375.17,377.6 1 1
github.com/szymonrychu/tatara-cli/internal/mcp/tools.go:378.5,378.68 1 1
github.com/szymonrychu/tatara-cli/internal/mcp/tools.go:382.56,384.17 2 1
github.com/szymonrychu/tatara-cli/internal/mcp/tools.go:384.17,386.6 1 0
github.com/szymonrychu/tatara-cli/internal/mcp/tools.go:387.5,388.40 2 1
github.com/szymonrychu/tatara-cli/internal/mcp/tools.go:388.40,390.6 1 1
github.com/szymonrychu/tatara-cli/internal/mcp/tools.go:391.5,391.31 1 1
github.com/szymonrychu/tatara-cli/internal/mcp/tools.go:391.31,393.6 1 0
github.com/szymonrychu/tatara-cli/internal/mcp/tools.go:394.5,394.71 1 1
github.com/szymonrychu/tatara-cli/internal/mcp/tools.go:398.56,400.17 2 1
github.com/szymonrychu/tatara-cli/internal/mcp/tools.go:400.17,402.6 1 0
github.com/szymonrychu/tatara-cli/internal/mcp/tools.go:403.5,403.82 1 1
github.com/szymonrychu/tatara-cli/internal/mcp/tools.go:407.56,409.17 2 1
github.com/szymonrychu/tatara-cli/internal/mcp/tools.go:409.17,411.6 1 0
github.com/szymonrychu/tatara-cli/internal/mcp/tools.go:412.5,412.36 1 1
github.com/szymonrychu/tatara-cli/internal/mcp/tools.go:412.36,414.6 1 1
github.com/szymonrychu/tatara-cli/internal/mcp/tools.go:415.5,416.33 2 1
github.com/szymonrychu/tatara-cli/internal/mcp/tools.go:416.33,418.6 1 1
github.com/szymonrychu/tatara-cli/internal/mcp/tools.go:419.5,419.32 1 1
github.com/szymonrychu/tatara-cli/internal/mcp/tools.go:419.32,421.6 1 1
github.com/szymonrychu/tatara-cli/internal/mcp/tools.go:422.5,422.84 1 1
github.com/szymonrychu/tatara-cli/internal/mcp/tools.go:426.56,430.17 2 1
github.com/szymonrychu/tatara-cli/internal/mcp/tools.go:430.17,432.6 1 1
github.com/szymonrychu/tatara-cli/internal/mcp/tools.go:433.5,434.61 2 1
github.com/szymonrychu/tatara-cli/internal/mcp/tools.go:434.61,435.27 1 1
github.com/szymonrychu/tatara-cli/internal/mcp/tools.go:435.27,437.7 1 1
github.com/szymonrychu/tatara-cli/internal/mcp/tools.go:439.5,439.74 1 1
github.com/szymonrychu/tatara-cli/internal/mcp/tools.go:443.56,445.16 2 1
github.com/szymonrychu/tatara-cli/internal/mcp/tools.go:445.16,447.6 1 1
github.com/szymonrychu/tatara-cli/internal/mcp/tools.go:448.5,449.19 2 1
github.com/szymonrychu/tatara-cli/internal/mcp/tools.go:449.19,451.6 1 1
github.com/szymonrychu/tatara-cli/internal/mcp/tools.go:452.5,452.36 1 1
github.com/szymonrychu/tatara-cli/internal/mcp/tools.go:452.36,454.6 1 1
github.com/szymonrychu/tatara-cli/internal/mcp/tools.go:455.5,455.35 1 1
github.com/szymonrychu/tatara-cli/internal/mcp/tools.go:455.35,457.6 1 1
github.com/szymonrychu/tatara-cli/internal/mcp/tools.go:458.5,458.35 1 1
github.com/szymonrychu/tatara-cli/internal/mcp/tools.go:458.35,460.6 1 1
github.com/szymonrychu/tatara-cli/internal/mcp/tools.go:461.5,467.37 2 1
github.com/szymonrychu/tatara-cli/internal/mcp/tools.go:467.37,469.6 1 1
github.com/szymonrychu/tatara-cli/internal/mcp/tools.go:470.5,470.84 1 1
github.com/szymonrychu/tatara-cli/internal/mcp/tools.go:474.56,476.17 2 1
github.com/szymonrychu/tatara-cli/internal/mcp/tools.go:476.17,478.6 1 1
github.com/szymonrychu/tatara-cli/internal/mcp/tools.go:479.5,479.39 1 1
github.com/szymonrychu/tatara-cli/internal/mcp/tools.go:479.39,481.6 1 1
github.com/szymonrychu/tatara-cli/internal/mcp/tools.go:482.5,483.31 2 1
github.com/szymonrychu/tatara-cli/internal/mcp/tools.go:483.31,485.6 1 1
github.com/szymonrychu/tatara-cli/internal/mcp/tools.go:486.5,486.38 1 1
github.com/szymonrychu/tatara-cli/internal/mcp/tools.go:486.38,488.6 1 1
github.com/szymonrychu/tatara-cli/internal/mcp/tools.go:489.5,489.82 1 1
github.com/szymonrychu/tatara-cli/internal/mcp/tools.go:493.56,495.17 2 1
github.com/szymonrychu/tatara-cli/internal/mcp/tools.go:495.17,497.6 1 1
github.com/szymonrychu/tatara-cli/internal/mcp/tools.go:498.5,498.37 1 1
github.com/szymonrychu/tatara-cli/internal/mcp/tools.go:498.37,500.6 1 1
github.com/szymonrychu/tatara-cli/internal/mcp/tools.go:501.5,502.33 2 1
github.com/szymonrychu/tatara-cli/internal/mcp/tools.go:502.33,504.6 1 1
github.com/szymonrychu/tatara-cli/internal/mcp/tools.go:505.5,505.86 1 1
github.com/szymonrychu/tatara-cli/internal/mcp/tools.go:509.56,511.17 2 1
github.com/szymonrychu/tatara-cli/internal/mcp/tools.go:511.17,513.6 1 1
github.com/szymonrychu/tatara-cli/internal/mcp/tools.go:514.5,514.39 1 1
github.com/szymonrychu/tatara-cli/internal/mcp/tools.go:514.39,516.6 1 1
github.com/szymonrychu/tatara-cli/internal/mcp/tools.go:517.5,517.38 1 1
github.com/szymonrychu/tatara-cli/internal/mcp/tools.go:517.38,519.6 1 1
github.com/szymonrychu/tatara-cli/internal/mcp/tools.go:520.5,520.46 1 1
github.com/szymonrychu/tatara-cli/internal/mcp/tools.go:520.46,522.6 1 1
github.com/szymonrychu/tatara-cli/internal/mcp/tools.go:525.5,530.42 2 1
github.com/szymonrychu/tatara-cli/internal/mcp/tools.go:530.42,532.6 1 1
github.com/szymonrychu/tatara-cli/internal/mcp/tools.go:533.5,533.43 1 1
github.com/szymonrychu/tatara-cli/internal/mcp/tools.go:533.43,535.6 1 1
github.com/szymonrychu/tatara-cli/internal/mcp/tools.go:536.5,536.90 1 1
github.com/szymonrychu/tatara-cli/internal/mcp/tools.go:540.56,542.17 2 1
github.com/szymonrychu/tatara-cli/internal/mcp/tools.go:542.17,544.6 1 1
github.com/szymonrychu/tatara-cli/internal/mcp/tools.go:545.5,545.39 1 1
github.com/szymonrychu/tatara-cli/internal/mcp/tools.go:545.39,547.6 1 1
github.com/szymonrychu/tatara-cli/internal/mcp/tools.go:548.5,549.84 2 1
github.com/szymonrychu/tatara-cli/internal/mcp/tools.go:553.56,555.17 2 1
github.com/szymonrychu/tatara-cli/internal/mcp/tools.go:555.17,557.6 1 1
github.com/szymonrychu/tatara-cli/internal/mcp/tools.go:558.5,558.37 1 1
github.com/szymonrychu/tatara-cli/internal/mcp/tools.go:558.37,560.6 1 1
github.com/szymonrychu/tatara-cli/internal/mcp/tools.go:561.5,562.34 2 1
github.com/szymonrychu/tatara-cli/internal/mcp/tools.go:562.34,564.6 1 1
github.com/szymonrychu/tatara-cli/internal/mcp/tools.go:565.5,565.31 1 1
github.com/szymonrychu/tatara-cli/internal/mcp/tools.go:565.31,567.6 1 1
github.com/szymonrychu/tatara-cli/internal/mcp/tools.go:568.5,568.89 1 1
github.com/szymonrychu/tatara-cli/internal/mcp/tools.go:572.56,574.17 2 1
github.com/szymonrychu/tatara-cli/internal/mcp/tools.go:574.17,576.6 1 1
github.com/szymonrychu/tatara-cli/internal/mcp/tools.go:577.5,577.56 1 1
github.com/szymonrychu/tatara-cli/internal/mcp/tools.go:577.56,579.6 1 1
github.com/szymonrychu/tatara-cli/internal/mcp/tools.go:580.5,584.93 2 1
github.com/szymonrychu/tatara-cli/internal/mcp/tools.go:588.56,590.17 2 1
github.com/szymonrychu/tatara-cli/internal/mcp/tools.go:590.17,592.6 1 1
github.com/szymonrychu/tatara-cli/internal/mcp/tools.go:593.5,593.56 1 1
github.com/szymonrychu/tatara-cli/internal/mcp/tools.go:593.56,595.6 1 1
github.com/szymonrychu/tatara-cli/internal/mcp/tools.go:596.5,600.93 2 1
github.com/szymonrychu/tatara-cli/internal/mcp/tools.go:604.56,606.17 2 1
github.com/szymonrychu/tatara-cli/internal/mcp/tools.go:606.17,608.6 1 1
github.com/szymonrychu/tatara-cli/internal/mcp/tools.go:609.5,609.56 1 1
github.com/szymonrychu/tatara-cli/internal/mcp/tools.go:609.56,611.6 1 1
github.com/szymonrychu/tatara-cli/internal/mcp/tools.go:612.5,616.94 2 1
github.com/szymonrychu/tatara-cli/internal/mcp/tools.go:620.56,622.17 2 1
github.com/szymonrychu/tatara-cli/internal/mcp/tools.go:622.17,624.6 1 0
github.com/szymonrychu/tatara-cli/internal/mcp/tools.go:625.5,625.35 1 1
github.com/szymonrychu/tatara-cli/internal/mcp/tools.go:625.35,627.6 1 1
github.com/szymonrychu/tatara-cli/internal/mcp/tools.go:628.5,629.83 2 1
github.com/szymonrychu/tatara-cli/internal/mcp/tools.go:633.56,635.16 2 1
github.com/szymonrychu/tatara-cli/internal/mcp/tools.go:635.16,637.6 1 1
github.com/szymonrychu/tatara-cli/internal/mcp/tools.go:638.5,639.44 2 1
github.com/szymonrychu/tatara-cli/internal/mcp/tools.go:639.44,641.6 1 1
github.com/szymonrychu/tatara-cli/internal/mcp/tools.go:642.5,642.54 1 1
github.com/szymonrychu/tatara-cli/internal/mcp/tools.go:642.54,644.6 1 1
github.com/szymonrychu/tatara-cli/internal/mcp/tools.go:645.5,646.19 2 1
github.com/szymonrychu/tatara-cli/internal/mcp/tools.go:646.19,648.6 1 1
github.com/szymonrychu/tatara-cli/internal/mcp/tools.go:649.5,649.42 1 1
github.com/szymonrychu/tatara-cli/internal/mcp/tools.go:653.56,655.16 2 1
github.com/szymonrychu/tatara-cli/internal/mcp/tools.go:655.16,657.6 1 0
github.com/szymonrychu/tatara-cli/internal/mcp/tools.go:658.5,659.48 2 1
github.com/szymonrychu/tatara-cli/internal/mcp/tools.go:659.48,661.6 1 1
github.com/szymonrychu/tatara-cli/internal/mcp/tools.go:662.5,663.19 2 1
github.com/szymonrychu/tatara-cli/internal/mcp/tools.go:663.19,665.6 1 1
github.com/szymonrychu/tatara-cli/internal/mcp/tools.go:666.5,666.42 1 1
github.com/szymonrychu/tatara-cli/internal/mcp/tools.go:670.56,672.16 2 1
github.com/szymonrychu/tatara-cli/internal/mcp/tools.go:672.16,674.6 1 0
github.com/szymonrychu/tatara-cli/internal/mcp/tools.go:675.5,676.19 2 1
github.com/szymonrychu/tatara-cli/internal/mcp/tools.go:676.19,678.6 1 1
github.com/szymonrychu/tatara-cli/internal/mcp/tools.go:679.5,680.21 2 1
github.com/szymonrychu/tatara-cli/internal/mcp/tools.go:680.21,682.6 1 1
github.com/szymonrychu/tatara-cli/internal/mcp/tools.go:683.5,683.57 1 1
github.com/szymonrychu/tatara-cli/internal/mcp/tools.go:683.57,685.6 1 1
github.com/szymonrychu/tatara-cli/internal/mcp/tools.go:686.5,688.44 3 1
github.com/szymonrychu/tatara-cli/internal/mcp/tools.go:692.56,694.16 2 1
github.com/szymonrychu/tatara-cli/internal/mcp/tools.go:694.16,696.6 1 0
github.com/szymonrychu/tatara-cli/internal/mcp/tools.go:697.5,698.19 2 1
github.com/szymonrychu/tatara-cli/internal/mcp/tools.go:698.19,700.6 1 1
github.com/szymonrychu/tatara-cli/internal/mcp/tools.go:701.5,702.21 2 1
github.com/szymonrychu/tatara-cli/internal/mcp/tools.go:702.21,704.6 1 1
github.com/szymonrychu/tatara-cli/internal/mcp/tools.go:706.5,707.32 2 1
github.com/szymonrychu/tatara-cli/internal/mcp/tools.go:707.32,709.6 1 1
github.com/szymonrychu/tatara-cli/internal/mcp/tools.go:710.5,710.31 1 1
github.com/szymonrychu/tatara-cli/internal/mcp/tools.go:710.31,712.6 1 0
github.com/szymonrychu/tatara-cli/internal/mcp/tools.go:713.5,713.23 1 1
github.com/szymonrychu/tatara-cli/internal/mcp/tools.go:713.23,715.6 1 1
github.com/szymonrychu/tatara-cli/internal/mcp/tools.go:716.5,717.45 2 1
github.com/szymonrychu/tatara-cli/internal/mcp/tools.go:721.56,723.16 2 1
github.com/szymonrychu/tatara-cli/internal/mcp/tools.go:723.16,725.6 1 0
github.com/szymonrychu/tatara-cli/internal/mcp/tools.go:726.5,727.19 2 1
github.com/szymonrychu/tatara-cli/internal/mcp/tools.go:727.19,729.6 1 1
github.com/szymonrychu/tatara-cli/internal/mcp/tools.go:730.5,730.36 1 1
github.com/szymonrychu/tatara-cli/internal/mcp/tools.go:730.36,732.6 1 1
github.com/szymonrychu/tatara-cli/internal/mcp/tools.go:733.5,733.35 1 1
github.com/szymonrychu/tatara-cli/internal/mcp/tools.go:733.35,735.6 1 1
github.com/szymonrychu/tatara-cli/internal/mcp/tools.go:736.5,740.33 2 1
github.com/szymonrychu/tatara-cli/internal/mcp/tools.go:740.33,742.6 1 1
github.com/szymonrychu/tatara-cli/internal/mcp/tools.go:743.5,744.44 2 1
github.com/szymonrychu/tatara-cli/internal/mcp/tools.go:748.56,750.16 2 1
github.com/szymonrychu/tatara-cli/internal/mcp/tools.go:750.16,752.6 1 1
github.com/szymonrychu/tatara-cli/internal/mcp/tools.go:753.5,753.35 1 1
github.com/szymonrychu/tatara-cli/internal/mcp/tools.go:753.35,755.6 1 1
github.com/szymonrychu/tatara-cli/internal/mcp/tools.go:756.5,757.21 2 1
github.com/szymonrychu/tatara-cli/internal/mcp/tools.go:757.21,759.6 1 1
github.com/szymonrychu/tatara-cli/internal/mcp/tools.go:760.5,761.34 2 1
github.com/szymonrychu/tatara-cli/internal/mcp/tools.go:761.34,763.6 1 1
github.com/szymonrychu/tatara-cli/internal/mcp/tools.go:764.5,764.35 1 1
github.com/szymonrychu/tatara-cli/internal/mcp/tools.go:764.35,766.6 1 1
github.com/szymonrychu/tatara-cli/internal/mcp/tools.go:767.5,772.91 2 1
github.com/szymonrychu/tatara-cli/internal/mcp/tools.go:780.25,781.104 1 1
github.com/szymonrychu/tatara-cli/internal/mcp/tools.go:781.104,783.3 1 1
github.com/szymonrychu/tatara-cli/internal/mcp/tools.go:784.2,787.56 1 1
github.com/szymonrychu/tatara-cli/internal/mcp/tools.go:787.56,788.35 1 1
github.com/szymonrychu/tatara-cli/internal/mcp/tools.go:788.35,790.6 1 1
github.com/szymonrychu/tatara-cli/internal/mcp/tools.go:791.5,792.49 2 1
github.com/szymonrychu/tatara-cli/internal/mcp/tools.go:792.49,794.6 1 1
github.com/szymonrychu/tatara-cli/internal/mcp/tools.go:795.5,795.48 1 1
github.com/szymonrychu/tatara-cli/internal/mcp/tools.go:799.56,801.45 2 1
github.com/szymonrychu/tatara-cli/internal/mcp/tools.go:801.45,803.6 1 1
github.com/szymonrychu/tatara-cli/internal/mcp/tools.go:804.5,804.42 1 1
github.com/szymonrychu/tatara-cli/internal/mcp/tools.go:808.56,810.17 2 1
github.com/szymonrychu/tatara-cli/internal/mcp/tools.go:810.17,812.6 1 1
github.com/szymonrychu/tatara-cli/internal/mcp/tools.go:813.5,813.68 1 1
github.com/szymonrychu/tatara-cli/internal/mcp/tools.go:817.56,819.17 2 1
github.com/szymonrychu/tatara-cli/internal/mcp/tools.go:819.17,821.6 1 0
github.com/szymonrychu/tatara-cli/internal/mcp/tools.go:822.5,822.71 1 1
github.com/szymonrychu/tatara-cli/internal/mcp/tools.go:826.56,828.17 2 1
github.com/szymonrychu/tatara-cli/internal/mcp/tools.go:828.17,830.6 1 0
github.com/szymonrychu/tatara-cli/internal/mcp/tools.go:831.5,831.35 1 1
github.com/szymonrychu/tatara-cli/internal/mcp/tools.go:831.35,833.6 1 1
github.com/szymonrychu/tatara-cli/internal/mcp/tools.go:834.5,835.43 2 1
github.com/szymonrychu/tatara-cli/internal/mcp/tools.go:835.43,837.6 1 0
github.com/szymonrychu/tatara-cli/internal/mcp/tools.go:838.5,838.88 1 1
github.com/szymonrychu/tatara-cli/internal/mcp/tools.go:842.56,844.17 2 1
github.com/szymonrychu/tatara-cli/internal/mcp/tools.go:844.17,846.6 1 0
github.com/szymonrychu/tatara-cli/internal/mcp/tools.go:847.5,847.86 1 1
github.com/szymonrychu/tatara-cli/internal/mcp/tools.go:851.56,853.17 2 1
github.com/szymonrychu/tatara-cli/internal/mcp/tools.go:853.17,855.6 1 0
github.com/szymonrychu/tatara-cli/internal/mcp/tools.go:856.5,857.18 2 1
github.com/szymonrychu/tatara-cli/internal/mcp/tools.go:857.18,859.6 1 1
github.com/szymonrychu/tatara-cli/internal/mcp/tools.go:860.5,860.112 1 1
github.com/szymonrychu/tatara-cli/internal/mcp/tools.go:864.56,866.17 2 1
github.com/szymonrychu/tatara-cli/internal/mcp/tools.go:866.17,868.6 1 0
github.com/szymonrychu/tatara-cli/internal/mcp/tools.go:869.5,870.18 2 1
github.com/szymonrychu/tatara-cli/internal/mcp/tools.go:870.18,872.6 1 0
github.com/szymonrychu/tatara-cli/internal/mcp/tools.go:873.5,873.35 1 1
github.com/szymonrychu/tatara-cli/internal/mcp/tools.go:873.35,875.6 1 1
github.com/szymonrychu/tatara-cli/internal/mcp/tools.go:876.5,877.45 2 1
github.com/szymonrychu/tatara-cli/internal/mcp/tools.go:877.45,879.6 1 1
github.com/szymonrychu/tatara-cli/internal/mcp/tools.go:880.5,880.43 1 1
github.com/szymonrychu/tatara-cli/internal/mcp/tools.go:880.43,882.6 1 1
github.com/szymonrychu/tatara-cli/internal/mcp/tools.go:883.5,883.84 1 1
github.com/szymonrychu/tatara-cli/internal/mcp/tools.go:887.56,889.17 2 1
github.com/szymonrychu/tatara-cli/internal/mcp/tools.go:889.17,891.6 1 0
github.com/szymonrychu/tatara-cli/internal/mcp/tools.go:892.5,893.18 2 1
github.com/szymonrychu/tatara-cli/internal/mcp/tools.go:893.18,895.6 1 1
github.com/szymonrychu/tatara-cli/internal/mcp/tools.go:896.5,896.118 1 1
github.com/szymonrychu/tatara-cli/internal/mcp/tools.go:900.56,902.17 2 1
github.com/szymonrychu/tatara-cli/internal/mcp/tools.go:902.17,904.6 1 0
github.com/szymonrychu/tatara-cli/internal/mcp/tools.go:905.5,906.44 2 1
github.com/szymonrychu/tatara-cli/internal/mcp/tools.go:906.44,908.6 1 1
github.com/szymonrychu/tatara-cli/internal/mcp/tools.go:909.5,909.44 1 1
github.com/szymonrychu/tatara-cli/internal/mcp/tools.go:909.44,911.6 1 1
github.com/szymonrychu/tatara-cli/internal/mcp/tools.go:912.5,913.19 2 1
github.com/szymonrychu/tatara-cli/internal/mcp/tools.go:913.19,915.6 1 1
github.com/szymonrychu/tatara-cli/internal/mcp/tools.go:916.5,916.42 1 1
github.com/szymonrychu/tatara-cli/internal/mcp/tools.go:940.29,947.73 1 1
github.com/szymonrychu/tatara-cli/internal/mcp/tools.go:947.73,949.35 2 1
github.com/szymonrychu/tatara-cli/internal/mcp/tools.go:949.35,951.6 1 1
github.com/szymonrychu/tatara-cli/internal/mcp/tools.go:952.5,953.23 2 1
github.com/szymonrychu/tatara-cli/internal/mcp/tools.go:953.23,955.6 1 1
github.com/szymonrychu/tatara-cli/internal/mcp/tools.go:956.5,956.35 1 1
github.com/szymonrychu/tatara-cli/internal/mcp/tools.go:956.35,958.6 1 1
github.com/szymonrychu/tatara-cli/internal/mcp/tools.go:959.5,960.45 2 1
github.com/szymonrychu/tatara-cli/internal/mcp/tools.go:960.45,962.6 1 1
github.com/szymonrychu/tatara-cli/internal/mcp/tools.go:964.5,974.28 6 1
github.com/szymonrychu/tatara-cli/internal/mcp/tools.go:974.28,976.6 1 1
github.com/szymonrychu/tatara-cli/internal/mcp/tools.go:977.5,977.25 1 1
github.com/szymonrychu/tatara-cli/internal/mcp/tools.go:977.25,979.6 1 1
github.com/szymonrychu/tatara-cli/internal/mcp/tools.go:980.5,980.22 1 1
github.com/szymonrychu/tatara-cli/internal/mcp/tools.go:980.22,982.6 1 1
github.com/szymonrychu/tatara-cli/internal/mcp/tools.go:983.5,983.19 1 1
github.com/szymonrychu/tatara-cli/internal/mcp/tools.go:983.19,985.6 1 1
github.com/szymonrychu/tatara-cli/internal/mcp/tools.go:988.5,988.27 1 1
github.com/szymonrychu/tatara-cli/internal/mcp/tools.go:988.27,990.6 1 1
github.com/szymonrychu/tatara-cli/internal/mcp/tools.go:990.11,992.6 1 1
github.com/szymonrychu/tatara-cli/internal/mcp/tools.go:993.5,995.100 2 1
github.com/szymonrychu/tatara-cli/internal/mcp/tools.go:1002.97,1004.16 2 1
github.com/szymonrychu/tatara-cli/internal/mcp/tools.go:1004.16,1006.3 1 0
github.com/szymonrychu/tatara-cli/internal/mcp/tools.go:1007.2,1008.16 2 1
github.com/szymonrychu/tatara-cli/internal/mcp/tools.go:1008.16,1010.3 1 0
github.com/szymonrychu/tatara-cli/internal/mcp/tools.go:1011.2,1011.15 1 1
github.com/szymonrychu/tatara-cli/internal/mcp/tools.go:1011.15,1011.40 1 1
github.com/szymonrychu/tatara-cli/internal/mcp/tools.go:1012.2,1012.28 1 1
github.com/szymonrychu/tatara-cli/internal/mcp/tools.go:1012.28,1016.92 1 1
github.com/szymonrychu/tatara-cli/internal/mcp/tools.go:1016.92,1019.4 2 1
github.com/szymonrychu/tatara-cli/internal/mcp/tools.go:1021.3,1022.17 2 1
github.com/szymonrychu/tatara-cli/internal/mcp/tools.go:1022.17,1024.4 1 0
github.com/szymonrychu/tatara-cli/internal/mcp/tools.go:1025.3,1025.116 1 1
github.com/szymonrychu/tatara-cli/internal/mcp/tools.go:1029.2,1030.16 2 1
github.com/szymonrychu/tatara-cli/internal/mcp/tools.go:1030.16,1032.3 1 1
github.com/szymonrychu/tatara-cli/internal/mcp/tools.go:1033.2,1033.17 1 1
